<?xml version="1.0" encoding="UTF-8"?>
<!-- Generated by org.testng.reporters.JUnitReportReporter -->
<testsuite skipped="0" hostname="DESKTOP-T5IOI3H" name="test.VerifyStatuscode" tests="2" failures="0" timestamp="2022-07-06T17:57:09 CEST" time="0.474" errors="0">
  <testcase name="checkStatuscode200" time="0.203" classname="test.VerifyStatuscode"/>
  <system-out/>
  <testcase name="checkStatuscode401" time="0.271" classname="test.VerifyStatuscode"/>
  <system-out/>
</testsuite> <!-- test.VerifyStatuscode -->
